E:\PROJECT\90SHELL\90SHELL\DEBUG\90SHELL.EXE.EMBED.MANIFEST
E:\PROJECT\90SHELL\90SHELL\DEBUG\90SHELL.EXE.EMBED.MANIFEST.RES
E:\PROJECT\90SHELL\90SHELL\DEBUG\90SHELL.EXE.INTERMEDIATE.MANIFEST
E:\PROJECT\90SHELL\90SHELL\DEBUG\90SHELL.OBJ
E:\PROJECT\90SHELL\90SHELL\DEBUG\90SHELL.PCH
E:\PROJECT\90SHELL\90SHELL\DEBUG\90SHELL.RES
E:\Project\90shell\90shell\Debug\90shell_manifest.rc
E:\Project\90shell\90shell\Debug\cl.command.1.tlog
E:\Project\90shell\90shell\Debug\CL.read.1.tlog
E:\Project\90shell\90shell\Debug\CL.write.1.tlog
E:\Project\90shell\90shell\Debug\link.5296.read.1.tlog
E:\Project\90shell\90shell\Debug\link.5296.write.1.tlog
E:\Project\90shell\90shell\Debug\link.5296-cvtres.read.1.tlog
E:\Project\90shell\90shell\Debug\link.5296-cvtres.write.1.tlog
E:\Project\90shell\90shell\Debug\link.7952.read.1.tlog
E:\Project\90shell\90shell\Debug\link.7952.write.1.tlog
E:\Project\90shell\90shell\Debug\link.7952-cvtres.read.1.tlog
E:\Project\90shell\90shell\Debug\link.7952-cvtres.write.1.tlog
E:\Project\90shell\90shell\Debug\link.command.1.tlog
E:\Project\90shell\90shell\Debug\link.read.1.tlog
E:\Project\90shell\90shell\Debug\link.write.1.tlog
E:\Project\90shell\90shell\Debug\link-cvtres.read.1.tlog
E:\Project\90shell\90shell\Debug\link-cvtres.write.1.tlog
E:\Project\90shell\90shell\Debug\mt.command.1.tlog
E:\Project\90shell\90shell\Debug\mt.read.1.tlog
E:\Project\90shell\90shell\Debug\mt.write.1.tlog
E:\Project\90shell\90shell\Debug\rc.command.1.tlog
E:\Project\90shell\90shell\Debug\rc.read.1.tlog
E:\Project\90shell\90shell\Debug\rc.write.1.tlog
E:\PROJECT\90SHELL\90SHELL\DEBUG\STDAFX.OBJ
E:\Project\90shell\90shell\Debug\vc100.idb
E:\PROJECT\90SHELL\90SHELL\DEBUG\VC100.PDB
E:\PROJECT\90SHELL\DEBUG\90SHELL.EXE
E:\PROJECT\90SHELL\DEBUG\90SHELL.ILK
E:\PROJECT\90SHELL\DEBUG\90SHELL.PDB
